#
# A fatal error has been detected by the Java Runtime Environment:
#
#  EXCEPTION_ACCESS_VIOLATION (0xc0000005) at pc=0x0000000067ba2738, pid=4044, tid=0x0000000000001f54
#
# JRE version: OpenJDK Runtime Environment (8.0_152-b01) (build 1.8.0_152-release-915-b01)
# Java VM: OpenJDK 64-Bit Server VM (25.152-b01 mixed mode windows-amd64 compressed oops)
# Problematic frame:
# V  [jvm.dll+0x432738]
#
# Failed to write core dump. Minidumps are not enabled by default on client versions of Windows
#
# If you would like to submit a bug report, please visit:
#   http://bugreport.java.com/bugreport/crash.jsp
#

---------------  T H R E A D  ---------------

Current thread (0x0000000057b71000):  JavaThread "C2 CompilerThread1" daemon [_thread_in_native, id=8020, stack(0x0000000057fc0000,0x00000000580c0000)]

siginfo: ExceptionCode=0xc0000005, reading address 0x00000001cd95d7a0

Registers:
RAX=0x000000005c517a30, RBX=0x000000005c517a30, RCX=0x000000005c517a30, RDX=0x0000000000006300
RSP=0x00000000580bc590, RBP=0x00000000580bc5f0, RSI=0x0000000000000000, RDI=0x00000000580bca10
R8 =0x000000005c4feee0, R9 =0x0000000000000000, R10=0x0000000000000000, R11=0x000000005bcb01a8
R12=0x000000005bcb0170, R13=0x000000000000752f, R14=0x0000000067770000, R15=0x0000000000000000
RIP=0x0000000067ba2738, EFLAGS=0x0000000000010206

Top of Stack: (sp=0x00000000580bc590)
0x00000000580bc590:   00000000641a23b0 00000000641e9d50
0x00000000580bc5a0:   00000000580bca10 00000000580bc720
0x00000000580bc5b0:   000015ca00000000 0000000000000008
0x00000000580bc5c0:   0000000059f8c700 0000000000000029
0x00000000580bc5d0:   0000000058a34d50 0000000000000029
0x00000000580bc5e0:   0000000064294b10 000000005d639dd8
0x00000000580bc5f0:   0000000000000000 0000000000000000
0x00000000580bc600:   00000000580bca10 0000000067ba2b17
0x00000000580bc610:   000000005bcb0170 000000005bcb0170
0x00000000580bc620:   0000000000184ac0 0000000000184ac0
0x00000000580bc630:   000015ca00000000 0000000000000008
0x00000000580bc640:   0000000059f8c700 0000000000000029
0x00000000580bc650:   0000000058a34d50 0000000000000029
0x00000000580bc660:   0000000064294b10 0000000000000000
0x00000000580bc670:   0000000057b8e188 0000000000000000
0x00000000580bc680:   00000000000003d8 0000000057b8ddb0 

Instructions: (pc=0x0000000067ba2738)
0x0000000067ba2718:   8b c1 e9 11 02 00 00 49 63 54 24 24 4c 8b 87 08
0x0000000067ba2728:   01 00 00 41 8b 1c 90 3b da 74 33 8b cb 48 63 c3
0x0000000067ba2738:   41 8b 1c 80 3b d9 75 f3 3b d3 74 20 66 66 66 66
0x0000000067ba2748:   0f 1f 84 00 00 00 00 00 48 8b 87 08 01 00 00 48 


Register to memory mapping:

RAX=0x000000005c517a30 is an unknown value
RBX=0x000000005c517a30 is an unknown value
RCX=0x000000005c517a30 is an unknown value
RDX=0x0000000000006300 is an unknown value
RSP=0x00000000580bc590 is pointing into the stack for thread: 0x0000000057b71000
RBP=0x00000000580bc5f0 is pointing into the stack for thread: 0x0000000057b71000
RSI=0x0000000000000000 is an unknown value
RDI=0x00000000580bca10 is pointing into the stack for thread: 0x0000000057b71000
R8 =0x000000005c4feee0 is an unknown value
R9 =0x0000000000000000 is an unknown value
R10=0x0000000000000000 is an unknown value
R11=0x000000005bcb01a8 is an unknown value
R12=0x000000005bcb0170 is an unknown value
R13=0x000000000000752f is an unknown value
R14=0x0000000067770000 is an unknown value
R15=0x0000000000000000 is an unknown value


Stack: [0x0000000057fc0000,0x00000000580c0000],  sp=0x00000000580bc590,  free space=1009k
Native frames: (J=compiled Java code, j=interpreted, Vv=VM code, C=native code)
V  [jvm.dll+0x432738]
V  [jvm.dll+0x432b17]
V  [jvm.dll+0x4346b3]
V  [jvm.dll+0x43f19b]
V  [jvm.dll+0x441a6e]
V  [jvm.dll+0x424b32]
V  [jvm.dll+0x80fa9]
V  [jvm.dll+0x818df]
V  [jvm.dll+0x21d06f]
V  [jvm.dll+0x26d4aa]
C  [msvcr100.dll+0x21d9f]
C  [msvcr100.dll+0x21e3b]
C  [kernel32.dll+0x159bd]
C  [ntdll.dll+0x2a2e1]


Current CompileTask:
C2:3428088 16273   !   4       org.gradle.internal.progress.DefaultBuildOperationExecutor::execute (430 bytes)


---------------  P R O C E S S  ---------------

Java Threads: ( => current thread )
  0x000000005f3aa800 JavaThread "build operations Thread 4" [_thread_blocked, id=7000, stack(0x0000000060c70000,0x0000000060d70000)]
  0x000000005f3ac000 JavaThread "build operations Thread 3" [_thread_blocked, id=7800, stack(0x0000000063430000,0x0000000063530000)]
  0x000000005f3ab000 JavaThread "build operations Thread 2" [_thread_blocked, id=3236, stack(0x0000000060b40000,0x0000000060c40000)]
  0x000000005f3a9800 JavaThread "build operations" [_thread_blocked, id=6744, stack(0x00000000608f0000,0x00000000609f0000)]
  0x0000000058873800 JavaThread "Cache worker for Artifact transforms cache (C:\Users\986375\.gradle\caches\transforms-1)" [_thread_blocked, id=7184, stack(0x00000000606c0000,0x00000000607c0000)]
  0x0000000058871000 JavaThread "Cache worker for file hash cache (C:\Users\986375\AndroidStudioProjects\PhraseBook\.gradle\4.1\fileHashes)" [_thread_blocked, id=3844, stack(0x000000005b930000,0x000000005ba30000)]
  0x0000000058870800 JavaThread "Stdin handler" [_thread_blocked, id=6132, stack(0x000000005bcc0000,0x000000005bdc0000)]
  0x000000005886f800 JavaThread "Asynchronous log dispatcher for DefaultDaemonConnection: socket connection from /127.0.0.1:57883 to /127.0.0.1:58364" [_thread_blocked, id=5632, stack(0x000000005baa0000,0x000000005bba0000)]
  0x0000000058874000 JavaThread "Daemon worker Thread 5" [_thread_in_native, id=8096, stack(0x000000005b800000,0x000000005b900000)]
  0x0000000058872000 JavaThread "Cancel handler" [_thread_blocked, id=7924, stack(0x0000000058d00000,0x0000000058e00000)]
  0x000000005886e000 JavaThread "Handler for socket connection from /127.0.0.1:57883 to /127.0.0.1:58364" [_thread_in_native, id=3444, stack(0x000000005b6c0000,0x000000005b7c0000)]
  0x0000000058872800 JavaThread "Daemon Thread 5" [_thread_blocked, id=2592, stack(0x000000005b330000,0x000000005b430000)]
  0x000000005f3ac800 JavaThread "Java2D Disposer" daemon [_thread_blocked, id=7956, stack(0x0000000064f60000,0x0000000065060000)]
  0x000000005990a800 JavaThread "Memory manager" [_thread_blocked, id=1212, stack(0x00000000602a0000,0x00000000603a0000)]
  0x0000000059e0d000 JavaThread "File lock request listener" [_thread_in_native, id=4076, stack(0x000000005bf00000,0x000000005c000000)]
  0x00000000595d7800 JavaThread "Cache worker for file hash cache (C:\Users\986375\.gradle\caches\4.1\fileHashes)" [_thread_blocked, id=5612, stack(0x000000005bdc0000,0x000000005bec0000)]
  0x000000005937f000 JavaThread "Daemon periodic checks" [_thread_blocked, id=7296, stack(0x000000005b220000,0x000000005b320000)]
  0x000000005928c000 JavaThread "Incoming local TCP Connector on port 57883" [_thread_in_native, id=5532, stack(0x00000000582a0000,0x00000000583a0000)]
  0x0000000057bcb000 JavaThread "Service Thread" daemon [_thread_blocked, id=1056, stack(0x0000000058160000,0x0000000058260000)]
  0x0000000057bca800 JavaThread "C1 CompilerThread2" daemon [_thread_blocked, id=5460, stack(0x0000000057890000,0x0000000057990000)]
=>0x0000000057b71000 JavaThread "C2 CompilerThread1" daemon [_thread_in_native, id=8020, stack(0x0000000057fc0000,0x00000000580c0000)]
  0x0000000056309800 JavaThread "C2 CompilerThread0" daemon [_thread_in_native, id=6516, stack(0x0000000057a70000,0x0000000057b70000)]
  0x0000000056304800 JavaThread "Attach Listener" daemon [_thread_blocked, id=8180, stack(0x0000000057620000,0x0000000057720000)]
  0x0000000056302800 JavaThread "Signal Dispatcher" daemon [_thread_blocked, id=8028, stack(0x0000000057780000,0x0000000057880000)]
  0x00000000562e8800 JavaThread "Finalizer" daemon [_thread_blocked, id=7996, stack(0x0000000057500000,0x0000000057600000)]
  0x00000000562a1800 JavaThread "Reference Handler" daemon [_thread_blocked, id=940, stack(0x0000000057370000,0x0000000057470000)]
  0x0000000001fce800 JavaThread "main" [_thread_blocked, id=6220, stack(0x00000000023a0000,0x00000000024a0000)]

Other Threads:
  0x0000000056299800 VMThread [stack: 0x0000000057120000,0x0000000057220000] [id=3728]
  0x0000000057bcc800 WatcherThread [stack: 0x00000000583b0000,0x00000000584b0000] [id=7392]

VM state:not at safepoint (normal execution)

VM Mutex/Monitor currently owned by a thread: None

Heap:
 PSYoungGen      total 484352K, used 292512K [0x00000000e0000000, 0x0000000100000000, 0x0000000100000000)
  eden space 451584K, 58% used [0x00000000e0000000,0x00000000f01bf6f0,0x00000000fb900000)
  from space 32768K, 87% used [0x00000000fe000000,0x00000000ffbe8bb0,0x0000000100000000)
  to   space 36352K, 0% used [0x00000000fb900000,0x00000000fb900000,0x00000000fdc80000)
 ParOldGen       total 116224K, used 37479K [0x00000000a0000000, 0x00000000a7180000, 0x00000000e0000000)
  object space 116224K, 32% used [0x00000000a0000000,0x00000000a2499ce8,0x00000000a7180000)
 Metaspace       used 75619K, capacity 81616K, committed 81880K, reserved 1120256K
  class space    used 9911K, capacity 11414K, committed 11520K, reserved 1048576K

Card table byte_map: [0x0000000011b30000,0x0000000011e40000] byte_map_base: 0x0000000011630000

Marking Bits: (ParMarkBitMap*) 0x0000000067f33950
 Begin Bits: [0x0000000012610000, 0x0000000013e10000)
 End Bits:   [0x0000000013e10000, 0x0000000015610000)

Polling page: 0x0000000001b60000

CodeCache: size=245760Kb used=44193Kb max_used=44193Kb free=201566Kb
 bounds [0x0000000002770000, 0x00000000052e0000, 0x0000000011770000]
 total_blobs=13893 nmethods=12979 adapters=826
 compilation: enabled

Compilation events (10 events):
Event: 3427.476 Thread 0x0000000057bca800 16309       3       org.jetbrains.plugins.gradle.tooling.builder.EarModelBuilderImpl::$getCallSiteArray (40 bytes)
Event: 3427.477 Thread 0x0000000057bca800 nmethod 16309 0x00000000052cb950 code [0x00000000052cbb20, 0x00000000052cc378]
Event: 3427.482 Thread 0x0000000057bca800 16310       3       java.util.HashMap::internalWriteEntries (69 bytes)
Event: 3427.483 Thread 0x0000000057bca800 nmethod 16310 0x00000000052cc6d0 code [0x00000000052cc860, 0x00000000052ccd38]
Event: 3427.492 Thread 0x0000000057bca800 16311       3       sun.reflect.ReflectionFactory::newConstructorForSerialization (17 bytes)
Event: 3427.493 Thread 0x0000000057bca800 nmethod 16311 0x00000000052ccf10 code [0x00000000052cd080, 0x00000000052cd2e8]
Event: 3427.493 Thread 0x0000000057bca800 16312       3       sun.reflect.ReflectionFactory::generateConstructor (102 bytes)
Event: 3427.496 Thread 0x0000000057bca800 nmethod 16312 0x00000000052cd3d0 code [0x00000000052cd780, 0x00000000052cfd88]
Event: 3427.496 Thread 0x0000000057bca800 16313       3       sun.reflect.MethodAccessorGenerator::generateSerializationConstructor (22 bytes)
Event: 3427.497 Thread 0x0000000057bca800 nmethod 16313 0x00000000052d0f90 code [0x00000000052d1100, 0x00000000052d13a8]

GC Heap History (10 events):
Event: 13.151 GC heap before
{Heap before GC invocations=11 (full 3):
 PSYoungGen      total 344576K, used 20477K [0x00000000e0000000, 0x00000000f7c80000, 0x0000000100000000)
  eden space 324096K, 0% used [0x00000000e0000000,0x00000000e0000000,0x00000000f3c80000)
  from space 20480K, 99% used [0x00000000f5580000,0x00000000f697f4e0,0x00000000f6980000)
  to   space 25600K, 0% used [0x00000000f3c80000,0x00000000f3c80000,0x00000000f5580000)
 ParOldGen       total 76288K, used 24655K [0x00000000a0000000, 0x00000000a4a80000, 0x00000000e0000000)
  object space 76288K, 32% used [0x00000000a0000000,0x00000000a1813cb0,0x00000000a4a80000)
 Metaspace       used 56901K, capacity 58908K, committed 59028K, reserved 1099776K
  class space    used 7698K, capacity 8191K, committed 8192K, reserved 1048576K
Event: 13.454 GC heap after
Heap after GC invocations=11 (full 3):
 PSYoungGen      total 344576K, used 0K [0x00000000e0000000, 0x00000000f7c80000, 0x0000000100000000)
  eden space 324096K, 0% used [0x00000000e0000000,0x00000000e0000000,0x00000000f3c80000)
  from space 20480K, 0% used [0x00000000f5580000,0x00000000f5580000,0x00000000f6980000)
  to   space 25600K, 0% used [0x00000000f3c80000,0x00000000f3c80000,0x00000000f5580000)
 ParOldGen       total 116224K, used 37447K [0x00000000a0000000, 0x00000000a7180000, 0x00000000e0000000)
  object space 116224K, 32% used [0x00000000a0000000,0x00000000a2491ce8,0x00000000a7180000)
 Metaspace       used 56901K, capacity 58908K, committed 59028K, reserved 1099776K
  class space    used 7698K, capacity 8191K, committed 8192K, reserved 1048576K
}
Event: 151.675 GC heap before
{Heap before GC invocations=12 (full 3):
 PSYoungGen      total 344576K, used 324096K [0x00000000e0000000, 0x00000000f7c80000, 0x0000000100000000)
  eden space 324096K, 100% used [0x00000000e0000000,0x00000000f3c80000,0x00000000f3c80000)
  from space 20480K, 0% used [0x00000000f5580000,0x00000000f5580000,0x00000000f6980000)
  to   space 25600K, 0% used [0x00000000f3c80000,0x00000000f3c80000,0x00000000f5580000)
 ParOldGen       total 116224K, used 37447K [0x00000000a0000000, 0x00000000a7180000, 0x00000000e0000000)
  object space 116224K, 32% used [0x00000000a0000000,0x00000000a2491ce8,0x00000000a7180000)
 Metaspace       used 64129K, capacity 67160K, committed 67416K, reserved 1107968K
  class space    used 8490K, capacity 9261K, committed 9344K, reserved 1048576K
Event: 151.765 GC heap after
Heap after GC invocations=12 (full 3):
 PSYoungGen      total 349696K, used 21921K [0x00000000e0000000, 0x00000000fc480000, 0x0000000100000000)
  eden space 324096K, 0% used [0x00000000e0000000,0x00000000e0000000,0x00000000f3c80000)
  from space 25600K, 85% used [0x00000000f3c80000,0x00000000f51e8750,0x00000000f5580000)
  to   space 28160K, 0% used [0x00000000fa900000,0x00000000fa900000,0x00000000fc480000)
 ParOldGen       total 116224K, used 37455K [0x00000000a0000000, 0x00000000a7180000, 0x00000000e0000000)
  object space 116224K, 32% used [0x00000000a0000000,0x00000000a2493ce8,0x00000000a7180000)
 Metaspace       used 64129K, capacity 67160K, committed 67416K, reserved 1107968K
  class space    used 8490K, capacity 9261K, committed 9344K, reserved 1048576K
}
Event: 170.300 GC heap before
{Heap before GC invocations=13 (full 3):
 PSYoungGen      total 349696K, used 346017K [0x00000000e0000000, 0x00000000fc480000, 0x0000000100000000)
  eden space 324096K, 100% used [0x00000000e0000000,0x00000000f3c80000,0x00000000f3c80000)
  from space 25600K, 85% used [0x00000000f3c80000,0x00000000f51e8750,0x00000000f5580000)
  to   space 28160K, 0% used [0x00000000fa900000,0x00000000fa900000,0x00000000fc480000)
 ParOldGen       total 116224K, used 37455K [0x00000000a0000000, 0x00000000a7180000, 0x00000000e0000000)
  object space 116224K, 32% used [0x00000000a0000000,0x00000000a2493ce8,0x00000000a7180000)
 Metaspace       used 65516K, capacity 69160K, committed 69464K, reserved 1110016K
  class space    used 8590K, capacity 9510K, committed 9600K, reserved 1048576K
Event: 171.157 GC heap after
Heap after GC invocations=13 (full 3):
 PSYoungGen      total 434176K, used 20096K [0x00000000e0000000, 0x00000000fcf80000, 0x0000000100000000)
  eden space 406016K, 0% used [0x00000000e0000000,0x00000000e0000000,0x00000000f8c80000)
  from space 28160K, 71% used [0x00000000fa900000,0x00000000fbca0090,0x00000000fc480000)
  to   space 29184K, 0% used [0x00000000f8c80000,0x00000000f8c80000,0x00000000fa900000)
 ParOldGen       total 116224K, used 37463K [0x00000000a0000000, 0x00000000a7180000, 0x00000000e0000000)
  object space 116224K, 32% used [0x00000000a0000000,0x00000000a2495ce8,0x00000000a7180000)
 Metaspace       used 65516K, capacity 69160K, committed 69464K, reserved 1110016K
  class space    used 8590K, capacity 9510K, committed 9600K, reserved 1048576K
}
Event: 761.808 GC heap before
{Heap before GC invocations=14 (full 3):
 PSYoungGen      total 434176K, used 426112K [0x00000000e0000000, 0x00000000fcf80000, 0x0000000100000000)
  eden space 406016K, 100% used [0x00000000e0000000,0x00000000f8c80000,0x00000000f8c80000)
  from space 28160K, 71% used [0x00000000fa900000,0x00000000fbca0090,0x00000000fc480000)
  to   space 29184K, 0% used [0x00000000f8c80000,0x00000000f8c80000,0x00000000fa900000)
 ParOldGen       total 116224K, used 37463K [0x00000000a0000000, 0x00000000a7180000, 0x00000000e0000000)
  object space 116224K, 32% used [0x00000000a0000000,0x00000000a2495ce8,0x00000000a7180000)
 Metaspace       used 70539K, capacity 74962K, committed 75352K, reserved 1114112K
  class space    used 9126K, capacity 10253K, committed 10368K, reserved 1048576K
Event: 761.840 GC heap after
Heap after GC invocations=14 (full 3):
 PSYoungGen      total 435200K, used 27833K [0x00000000e0000000, 0x0000000100000000, 0x0000000100000000)
  eden space 406016K, 0% used [0x00000000e0000000,0x00000000e0000000,0x00000000f8c80000)
  from space 29184K, 95% used [0x00000000f8c80000,0x00000000fa7ae7c8,0x00000000fa900000)
  to   space 32768K, 0% used [0x00000000fe000000,0x00000000fe000000,0x0000000100000000)
 ParOldGen       total 116224K, used 37471K [0x00000000a0000000, 0x00000000a7180000, 0x00000000e0000000)
  object space 116224K, 32% used [0x00000000a0000000,0x00000000a2497ce8,0x00000000a7180000)
 Metaspace       used 70539K, capacity 74962K, committed 75352K, reserved 1114112K
  class space    used 9126K, capacity 10253K, committed 10368K, reserved 1048576K
}
Event: 2432.004 GC heap before
{Heap before GC invocations=15 (full 3):
 PSYoungGen      total 435200K, used 433849K [0x00000000e0000000, 0x0000000100000000, 0x0000000100000000)
  eden space 406016K, 100% used [0x00000000e0000000,0x00000000f8c80000,0x00000000f8c80000)
  from space 29184K, 95% used [0x00000000f8c80000,0x00000000fa7ae7c8,0x00000000fa900000)
  to   space 32768K, 0% used [0x00000000fe000000,0x00000000fe000000,0x0000000100000000)
 ParOldGen       total 116224K, used 37471K [0x00000000a0000000, 0x00000000a7180000, 0x00000000e0000000)
  object space 116224K, 32% used [0x00000000a0000000,0x00000000a2497ce8,0x00000000a7180000)
 Metaspace       used 73140K, capacity 78298K, committed 78424K, reserved 1116160K
  class space    used 9477K, capacity 10782K, committed 10880K, reserved 1048576K
Event: 2432.036 GC heap after
Heap after GC invocations=15 (full 3):
 PSYoungGen      total 484352K, used 28578K [0x00000000e0000000, 0x0000000100000000, 0x0000000100000000)
  eden space 451584K, 0% used [0x00000000e0000000,0x00000000e0000000,0x00000000fb900000)
  from space 32768K, 87% used [0x00000000fe000000,0x00000000ffbe8bb0,0x0000000100000000)
  to   space 36352K, 0% used [0x00000000fb900000,0x00000000fb900000,0x00000000fdc80000)
 ParOldGen       total 116224K, used 37479K [0x00000000a0000000, 0x00000000a7180000, 0x00000000e0000000)
  object space 116224K, 32% used [0x00000000a0000000,0x00000000a2499ce8,0x00000000a7180000)
 Metaspace       used 73140K, capacity 78298K, committed 78424K, reserved 1116160K
  class space    used 9477K, capacity 10782K, committed 10880K, reserved 1048576K
}

Deoptimization events (10 events):
Event: 2432.000 Thread 0x000000005886e000 Uncommon trap: reason=bimorphic action=maybe_recompile pc=0x0000000003b0d5e0 method=com.google.common.collect.TransformedIterator.next()Ljava/lang/Object; @ 5
Event: 2432.000 Thread 0x000000005886e000 Uncommon trap: reason=bimorphic action=maybe_recompile pc=0x0000000003b0d5e0 method=com.google.common.collect.TransformedIterator.next()Ljava/lang/Object; @ 5
Event: 2437.980 Thread 0x000000005f3af800 Uncommon trap: reason=array_check action=maybe_recompile pc=0x0000000004fb7210 method=java.util.TimSort.reverseRange([Ljava/lang/Object;II)V @ 20
Event: 2438.000 Thread 0x000000005f3af800 Uncommon trap: reason=array_check action=maybe_recompile pc=0x0000000004fb7210 method=java.util.TimSort.reverseRange([Ljava/lang/Object;II)V @ 20
Event: 2438.217 Thread 0x000000005f3af800 Uncommon trap: reason=array_check action=maybe_recompile pc=0x0000000004fb7210 method=java.util.TimSort.reverseRange([Ljava/lang/Object;II)V @ 20
Event: 2438.362 Thread 0x000000005f3af800 Uncommon trap: reason=array_check action=maybe_recompile pc=0x0000000004fb7210 method=java.util.TimSort.reverseRange([Ljava/lang/Object;II)V @ 20
Event: 3422.599 Thread 0x0000000058874000 Uncommon trap: reason=array_check action=maybe_recompile pc=0x0000000003a8bec0 method=com.google.common.collect.ImmutableSet.construct(I[Ljava/lang/Object;)Lcom/google/common/collect/ImmutableSet; @ 122
Event: 3422.606 Thread 0x0000000058874000 Uncommon trap: reason=array_check action=maybe_recompile pc=0x0000000003a8bec0 method=com.google.common.collect.ImmutableSet.construct(I[Ljava/lang/Object;)Lcom/google/common/collect/ImmutableSet; @ 122
Event: 3422.614 Thread 0x0000000058874000 Uncommon trap: reason=array_check action=maybe_recompile pc=0x0000000003a8bec0 method=com.google.common.collect.ImmutableSet.construct(I[Ljava/lang/Object;)Lcom/google/common/collect/ImmutableSet; @ 122
Event: 3422.616 Thread 0x0000000058874000 Uncommon trap: reason=array_check action=maybe_recompile pc=0x0000000003a8bec0 method=com.google.common.collect.ImmutableSet.construct(I[Ljava/lang/Object;)Lcom/google/common/collect/ImmutableSet; @ 122

Classes redefined (0 events):
No events

Internal exceptions (10 events):
Event: 3425.285 Thread 0x0000000058874000 Exception <a 'sun/nio/fs/WindowsException'> (0x00000000ecfc3528) thrown at [D:\src\AOSP-openjdk-cygwin\jdk8u\hotspot\src\share\vm\prims\jni.cpp, line 709]
Event: 3425.285 Thread 0x0000000058874000 Exception <a 'sun/nio/fs/WindowsException'> (0x00000000ecfc5f08) thrown at [D:\src\AOSP-openjdk-cygwin\jdk8u\hotspot\src\share\vm\prims\jni.cpp, line 709]
Event: 3425.285 Thread 0x0000000058874000 Exception <a 'sun/nio/fs/WindowsException'> (0x00000000ecfc6af0) thrown at [D:\src\AOSP-openjdk-cygwin\jdk8u\hotspot\src\share\vm\prims\jni.cpp, line 709]
Event: 3425.285 Thread 0x0000000058874000 Exception <a 'sun/nio/fs/WindowsException'> (0x00000000ecfc8708) thrown at [D:\src\AOSP-openjdk-cygwin\jdk8u\hotspot\src\share\vm\prims\jni.cpp, line 709]
Event: 3425.285 Thread 0x0000000058874000 Exception <a 'sun/nio/fs/WindowsException'> (0x00000000ecfc9330) thrown at [D:\src\AOSP-openjdk-cygwin\jdk8u\hotspot\src\share\vm\prims\jni.cpp, line 709]
Event: 3425.285 Thread 0x0000000058874000 Exception <a 'sun/nio/fs/WindowsException'> (0x00000000ecfcbee0) thrown at [D:\src\AOSP-openjdk-cygwin\jdk8u\hotspot\src\share\vm\prims\jni.cpp, line 709]
Event: 3425.285 Thread 0x0000000058874000 Exception <a 'sun/nio/fs/WindowsException'> (0x00000000ecfccb40) thrown at [D:\src\AOSP-openjdk-cygwin\jdk8u\hotspot\src\share\vm\prims\jni.cpp, line 709]
Event: 3425.285 Thread 0x0000000058874000 Exception <a 'sun/nio/fs/WindowsException'> (0x00000000ecfce7d0) thrown at [D:\src\AOSP-openjdk-cygwin\jdk8u\hotspot\src\share\vm\prims\jni.cpp, line 709]
Event: 3425.285 Thread 0x0000000058874000 Exception <a 'sun/nio/fs/WindowsException'> (0x00000000ecfcf470) thrown at [D:\src\AOSP-openjdk-cygwin\jdk8u\hotspot\src\share\vm\prims\jni.cpp, line 709]
Event: 3427.504 Thread 0x0000000058874000 Exception <a 'sun/nio/fs/WindowsException'> (0x00000000f0164688) thrown at [D:\src\AOSP-openjdk-cygwin\jdk8u\hotspot\src\share\vm\prims\jni.cpp, line 709]

Events (10 events):
Event: 3427.466 loading class com/android/builder/model/BuildType
Event: 3427.466 loading class com/android/builder/model/BuildType done
Event: 3427.466 loading class com/android/builder/model/AaptOptions$Namespacing
Event: 3427.466 loading class com/android/builder/model/AaptOptions$Namespacing done
Event: 3427.466 loading class com/android/builder/model/SyncIssue
Event: 3427.466 loading class com/android/builder/model/SyncIssue done
Event: 3427.469 loading class com/android/builder/model/level2/Library
Event: 3427.469 loading class com/android/builder/model/level2/Library done
Event: 3427.484 Executing VM operation: BulkRevokeBias
Event: 3427.485 Executing VM operation: BulkRevokeBias done


Dynamic libraries:
0x000000013fc80000 - 0x000000013fcb1000 	C:\Program Files\Android\Android Studio\jre\bin\java.exe
0x0000000077090000 - 0x000000007723a000 	C:\Windows\SYSTEM32\ntdll.dll
0x0000000076f70000 - 0x000000007708f000 	C:\Windows\system32\kernel32.dll
0x000007fefd0c0000 - 0x000007fefd12a000 	C:\Windows\system32\KERNELBASE.dll
0x000007fefd260000 - 0x000007fefd33b000 	C:\Windows\system32\ADVAPI32.dll
0x000007fefeb80000 - 0x000007fefec1f000 	C:\Windows\system32\msvcrt.dll
0x000007fefe570000 - 0x000007fefe58f000 	C:\Windows\SYSTEM32\sechost.dll
0x000007fefe5a0000 - 0x000007fefe6cd000 	C:\Windows\system32\RPCRT4.dll
0x0000000076e70000 - 0x0000000076f6a000 	C:\Windows\system32\USER32.dll
0x000007fefef40000 - 0x000007fefefa7000 	C:\Windows\system32\GDI32.dll
0x000007fefe250000 - 0x000007fefe25e000 	C:\Windows\system32\LPK.dll
0x000007fefd190000 - 0x000007fefd25a000 	C:\Windows\system32\USP10.dll
0x000007fefb6b0000 - 0x000007fefb8a4000 	C:\Windows\WinSxS\amd64_microsoft.windows.common-controls_6595b64144ccf1df_6.0.7601.18837_none_fa3b1e3d17594757\COMCTL32.dll
0x000007feff320000 - 0x000007feff391000 	C:\Windows\system32\SHLWAPI.dll
0x000007fefe180000 - 0x000007fefe1ae000 	C:\Windows\system32\IMM32.DLL
0x000007fefee30000 - 0x000007fefef39000 	C:\Windows\system32\MSCTF.dll
0x000000006c3f0000 - 0x000000006c4c2000 	C:\Program Files\Android\Android Studio\jre\jre\bin\msvcr100.dll
0x0000000067770000 - 0x0000000067fae000 	C:\Program Files\Android\Android Studio\jre\jre\bin\server\jvm.dll
0x000007fef6630000 - 0x000007fef6639000 	C:\Windows\system32\WSOCK32.dll
0x000007fefe0d0000 - 0x000007fefe11d000 	C:\Windows\system32\WS2_32.dll
0x000007fefe590000 - 0x000007fefe598000 	C:\Windows\system32\NSI.dll
0x000007fef9830000 - 0x000007fef986b000 	C:\Windows\system32\WINMM.dll
0x000007fefbe60000 - 0x000007fefbe6c000 	C:\Windows\system32\VERSION.dll
0x0000000077250000 - 0x0000000077257000 	C:\Windows\system32\PSAPI.DLL
0x000007fefacb0000 - 0x000007fefacbf000 	C:\Program Files\Android\Android Studio\jre\jre\bin\verify.dll
0x000007fef9ca0000 - 0x000007fef9cc9000 	C:\Program Files\Android\Android Studio\jre\jre\bin\java.dll
0x000007fef97b0000 - 0x000007fef97c6000 	C:\Program Files\Android\Android Studio\jre\jre\bin\zip.dll
0x000007fefd340000 - 0x000007fefe0c9000 	C:\Windows\system32\SHELL32.dll
0x000007fefec20000 - 0x000007fefee23000 	C:\Windows\system32\ole32.dll
0x000007fefcde0000 - 0x000007fefcdef000 	C:\Windows\system32\profapi.dll
0x000007fef9540000 - 0x000007fef955a000 	C:\Program Files\Android\Android Studio\jre\jre\bin\net.dll
0x000007fefc590000 - 0x000007fefc5e5000 	C:\Windows\system32\mswsock.dll
0x000007fefc580000 - 0x000007fefc587000 	C:\Windows\System32\wship6.dll
0x000007fef9310000 - 0x000007fef9321000 	C:\Program Files\Android\Android Studio\jre\jre\bin\nio.dll
0x000007fef5e90000 - 0x000007fef5eae000 	C:\Users\986375\.gradle\native\25\windows-amd64\native-platform.dll
0x000007fefa780000 - 0x000007fefa78d000 	C:\Program Files\Android\Android Studio\jre\jre\bin\management.dll
0x000007fefc5f0000 - 0x000007fefc608000 	C:\Windows\system32\CRYPTSP.dll
0x000007fefc2b0000 - 0x000007fefc2f7000 	C:\Windows\system32\rsaenh.dll
0x000007fefce90000 - 0x000007fefceae000 	C:\Windows\system32\USERENV.dll
0x000007fefcc70000 - 0x000007fefcc7f000 	C:\Windows\system32\CRYPTBASE.dll
0x000007fefa730000 - 0x000007fefa757000 	C:\Windows\system32\IPHLPAPI.DLL
0x000007fefa710000 - 0x000007fefa71b000 	C:\Windows\system32\WINNSI.DLL
0x000007fefa300000 - 0x000007fefa311000 	C:\Windows\system32\dhcpcsvc6.DLL
0x000007fefa320000 - 0x000007fefa338000 	C:\Windows\system32\dhcpcsvc.DLL
0x000007fee9a80000 - 0x000007fee9c15000 	C:\Program Files\Android\Android Studio\jre\jre\bin\awt.dll
0x000007fefe260000 - 0x000007fefe338000 	C:\Windows\system32\OLEAUT32.dll
0x000007fedf600000 - 0x000007fedf9c4000 	C:\Windows\system32\d2d1.dll
0x000007fefb0f0000 - 0x000007fefb108000 	C:\Windows\system32\DWMAPI.DLL
0x000007fefcc10000 - 0x000007fefcc67000 	C:\Windows\system32\apphelp.dll
0x000007fef7420000 - 0x000007fef7545000 	C:\Windows\system32\dbghelp.dll

VM Arguments:
jvm_args: -Xmx1536m -Dfile.encoding=windows-1252 -Duser.country=US -Duser.language=en -Duser.variant 
java_command: org.gradle.launcher.daemon.bootstrap.GradleDaemon 4.1
java_class_path (initial): C:\Users\986375\.gradle\wrapper\dists\gradle-4.1-all\bzyivzo6n839fup2jbap0tjew\gradle-4.1\lib\gradle-launcher-4.1.jar
Launcher Type: SUN_STANDARD

Environment Variables:
PATH=C:\ProgramData\Oracle\Java\javapath;C:\Program Files (x86)\Intel\iCLS Client\;C:\Program Files\Intel\iCLS Client\;C:\Program Files\Common Files\Microsoft Shared\Windows Live;C:\Program Files (x86)\Common Files\Microsoft Shared\Windows Live;C:\Windows\system32;C:\Windows;C:\Windows\System32\Wbem;C:\Windows\System32\WindowsPowerShell\v1.0\;C:\Program Files (x86)\Windows Live\Shared;C:\Program Files (x86)\Intel\OpenCL SDK\2.0\bin\x86;C:\Program Files (x86)\Intel\OpenCL SDK\2.0\bin\x64;C:\Program Files\Intel\Intel(R) Management Engine Components\DAL;C:\Program Files\Intel\Intel(R) Management Engine Components\IPT;C:\Program Files (x86)\Intel\Intel(R) Management Engine Components\DAL;C:\Program Files (x86)\Intel\Intel(R) Management Engine Components\IPT;C:\Program Files\Intel\WiFi\bin\;C:\Program Files\Common Files\Intel\WirelessCommon\;C:\Program Files (x86)\Microsoft SQL Server\100\Tools\Binn\;C:\Program Files\Microsoft SQL Server\100\Tools\Binn\;C:\Program Files\Microsoft SQL Server\100\DTS\Binn\;C:\Program Files (x86)\Microsoft SQL Server\100\Tools\Binn\VSShell\Common7\IDE\;C:\Program Files (x86)\Microsoft SQL Server\100\DTS\Binn\
USERNAME=986375
OS=Windows_NT
PROCESSOR_IDENTIFIER=Intel64 Family 6 Model 58 Stepping 9, GenuineIntel



---------------  S Y S T E M  ---------------

OS: Windows 7 , 64 bit Build 7601 (6.1.7601.23418)

CPU:total 4 (initial active 4) (2 cores per cpu, 2 threads per core) family 6 model 58 stepping 9, cmov, cx8, fxsr, mmx, sse, sse2, sse3, ssse3, sse4.1, sse4.2, popcnt, avx, aes, clmul, erms, ht, tsc, tscinvbit, tscinv

Memory: 4k page, physical 8183068k(2882608k free), swap 16364276k(10579568k free)

vm_info: OpenJDK 64-Bit Server VM (25.152-b01) for windows-amd64 JRE (1.8.0_152-release-915-b01), built by "builder" with MS VC++ 10.0 (VS2010)

time: Tue Apr 03 11:19:08 2018
elapsed time: 3427 seconds (0d 0h 57m 7s)

